2023-10-06 10:19:46,711 INFO: circle_center, circle_radius:,(8, 8) 5 [in /home/jack/Desktop/mpeg/mpegit:68]
2023-10-06 12:20:59,515 INFO: circle_center, circle_radius:,(8, 8) 5 [in /home/jack/Desktop/mpeg/mpegit:68]
2023-10-06 14:36:15,367 INFO: circle_center, circle_radius:,(8, 8) 5 [in /home/jack/Desktop/mpeg/mpegit:68]
2023-10-06 17:54:54,916 INFO: circle_center, circle_radius:,(8, 8) 5 [in /home/jack/Desktop/mpeg/mpegit:68]
2023-10-07 01:56:33,413 INFO: circle_center, circle_radius:,(8, 8) 5 [in /home/jack/Desktop/mpeg/mpegit:68]
2023-10-07 08:25:30,000 INFO: circle_center, circle_radius:,(8, 8) 5 [in /home/jack/Desktop/mpeg/mpegit:68]
2023-10-07 08:57:39,005 INFO: circle_center, circle_radius:,(8, 8) 5 [in /home/jack/Desktop/mpeg/mpegit:68]
2023-10-07 09:02:46,927 INFO: circle_center, circle_radius:,(8, 8) 5 [in /home/jack/Desktop/mpeg/mpegit:69]
2023-10-07 09:03:23,450 INFO: circle_center, circle_radius:,(8, 8) 5 [in /home/jack/Desktop/mpeg/mpegit:69]
2023-10-07 09:06:31,619 INFO: circle_center, circle_radius:,(8, 8) 5 [in /home/jack/Desktop/mpeg/mpegit:69]
2023-10-07 09:06:45,511 INFO: circle_center, circle_radius:,(8, 8) 5 [in /home/jack/Desktop/mpeg/mpegit:69]
2023-10-07 09:06:46,656 INFO: circle_center, circle_radius:,(8, 8) 5 [in /home/jack/Desktop/mpeg/mpegit:69]
2023-10-07 09:06:49,429 INFO: circle_center, circle_radius:,(8, 8) 5 [in /home/jack/Desktop/mpeg/mpegit:69]
2023-10-07 10:05:39,664 INFO: circle_center, circle_radius:,(8, 8) 5 [in /home/jack/Desktop/mpeg/mpegit:69]
2023-10-07 10:33:27,057 INFO: Logger created [in /home/jack/Desktop/mpeg/mpegit:44]
2023-10-07 10:33:51,479 INFO: Logger created [in /home/jack/Desktop/mpeg/mpegit:44]
2023-10-07 10:33:51,479 DEBUG: Test debug message [in /home/jack/Desktop/mpeg/mpegit:45]
2023-10-07 10:35:56,168 INFO: Logger created [in /home/jack/Desktop/mpeg/mpegit:44]
2023-10-07 10:35:56,169 DEBUG: Test debug message [in /home/jack/Desktop/mpeg/mpegit:45]
2023-10-07 10:37:18,460 INFO: Logger created [in /home/jack/Desktop/mpeg/mpegit:44]
2023-10-07 10:37:18,461 DEBUG: Test debug message [in /home/jack/Desktop/mpeg/mpegit:45]
2023-10-07 10:40:25,688 INFO: Logger created [in /home/jack/Desktop/mpeg/mpegit:44]
2023-10-07 10:40:25,689 DEBUG: Test debug message [in /home/jack/Desktop/mpeg/mpegit:45]
2023-10-07 10:45:13,263 INFO: circle_center, circle_radius:,(8, 8) 5 [in /home/jack/Desktop/mpeg/mpegit:73]
2023-10-07 11:04:43,194 INFO: Logger created [in /home/jack/Desktop/mpeg/mpegit:44]
2023-10-07 11:04:43,194 DEBUG: Test debug message [in /home/jack/Desktop/mpeg/mpegit:45]
2023-10-07 14:35:04,866 INFO: Logger created [in ./txtedit:44]
2023-10-07 14:35:04,867 DEBUG: Test debug message [in ./txtedit:45]
2023-10-07 14:35:29,481 INFO: Logger created [in ./txtedit:44]
2023-10-07 14:35:29,481 DEBUG: Test debug message [in ./txtedit:45]
2023-10-07 14:35:30,389 INFO: Logger created [in /home/jack/Desktop/mpeg/txtedit:44]
2023-10-07 14:35:30,389 DEBUG: Test debug message [in /home/jack/Desktop/mpeg/txtedit:45]
2023-10-07 14:40:54,920 INFO: Logger created [in ./txtedit:44]
2023-10-07 14:40:54,921 DEBUG: Test debug message [in ./txtedit:45]
2023-10-07 14:40:55,793 INFO: Logger created [in /home/jack/Desktop/mpeg/txtedit:44]
2023-10-07 14:40:55,794 DEBUG: Test debug message [in /home/jack/Desktop/mpeg/txtedit:45]
2023-10-07 14:43:57,415 INFO: Logger created [in /home/jack/Desktop/mpeg/txtedit:44]
2023-10-07 14:43:57,415 DEBUG: Test debug message [in /home/jack/Desktop/mpeg/txtedit:45]
2023-10-07 14:45:19,041 INFO: circle_center, circle_radius:,(8, 8) 5 [in /home/jack/Desktop/mpeg/txtedit:73]
2023-10-07 14:52:42,790 INFO: Logger created [in /home/jack/Desktop/mpeg/txtedit:44]
2023-10-07 14:52:42,790 DEBUG: Test debug message [in /home/jack/Desktop/mpeg/txtedit:45]
2023-10-07 14:55:10,830 INFO: Logger created [in /home/jack/Desktop/mpeg/txtedit:44]
2023-10-07 14:55:10,830 DEBUG: Test debug message [in /home/jack/Desktop/mpeg/txtedit:45]
